<?xml version="1.0" encoding="UTF-8"?>
<!-- Generated by org.testng.reporters.JUnitReportReporter -->
<testsuite hostname="LAPTOP-KBSBS314" failures="0" tests="1" name="Testscript.QAlegendLoginTests" time="9.381" errors="0" timestamp="2024-12-28T18:36:56 IST" skipped="0">
  <testcase classname="Testscript.QAlegendLoginTests" name="logintests" time="9.381"/>
</testsuite> <!-- Testscript.QAlegendLoginTests -->
