<?xml version="1.0" encoding="UTF-8"?>
<!-- Generated by org.testng.reporters.JUnitReportReporter -->
<testsuite hostname="LAPTOP-KBSBS314" failures="0" tests="1" name="Testscript.QALegendChecksentItems" time="9.861" errors="0" timestamp="2024-12-28T18:19:52 IST" skipped="0">
  <testcase classname="Testscript.QALegendChecksentItems" name="Check_sentItems" time="9.861"/>
</testsuite> <!-- Testscript.QALegendChecksentItems -->
