<?xml version="1.0" encoding="UTF-8"?>
<!-- Generated by org.testng.reporters.JUnitReportReporter -->
<testsuite hostname="LAPTOP-KBSBS314" failures="0" tests="1" name="Testscript.QAlegendLoginTests" time="12.621" errors="0" timestamp="2024-12-27T20:14:17 IST" skipped="0">
  <testcase classname="Testscript.QAlegendLoginTests" name="logintests" time="12.621"/>
</testsuite> <!-- Testscript.QAlegendLoginTests -->
