<?xml version="1.0" encoding="UTF-8"?>
<!-- Generated by org.testng.reporters.JUnitReportReporter -->
<testsuite hostname="LAPTOP-KBSBS314" failures="0" tests="1" name="Testscript.QALegendComposeMessageTest" time="9.924" errors="0" timestamp="2024-12-27T20:14:17 IST" skipped="0">
  <testcase classname="Testscript.QALegendComposeMessageTest" name="addNote" time="9.924"/>
</testsuite> <!-- Testscript.QALegendComposeMessageTest -->
