<?xml version="1.0" encoding="UTF-8"?>
<!-- Generated by org.testng.reporters.JUnitReportReporter -->
<testsuite hostname="LAPTOP-KBSBS314" failures="0" tests="1" name="Testscript.QALegendAnnouncementPageTest" time="13.438" errors="0" timestamp="2025-01-01T01:08:46 IST" skipped="0">
  <testcase classname="Testscript.QALegendAnnouncementPageTest" name="addAnnouncement" time="13.438"/>
</testsuite> <!-- Testscript.QALegendAnnouncementPageTest -->
