<?xml version="1.0" encoding="UTF-8"?>
<!-- Generated by org.testng.reporters.JUnitReportReporter -->
<testsuite hostname="LAPTOP-KBSBS314" failures="0" tests="1" name="Testscript.QALgendDEleteEstimate" time="16.836" errors="0" timestamp="2024-12-28T19:03:44 IST" skipped="0">
  <testcase classname="Testscript.QALgendDEleteEstimate" name="AddEstimate" time="16.836"/>
</testsuite> <!-- Testscript.QALgendDEleteEstimate -->
