<?xml version="1.0" encoding="UTF-8"?>
<!-- Generated by org.testng.reporters.JUnitReportReporter -->
<testsuite hostname="LAPTOP-KBSBS314" failures="0" tests="1" name="Testscript.QAlegendSignoutTest" time="9.113" errors="0" timestamp="2024-12-27T20:14:17 IST" skipped="0">
  <testcase classname="Testscript.QAlegendSignoutTest" name="Signout" time="9.113"/>
</testsuite> <!-- Testscript.QAlegendSignoutTest -->
