<?xml version="1.0" encoding="UTF-8"?>
<!-- Generated by org.testng.reporters.JUnitReportReporter -->
<testsuite hostname="LAPTOP-KBSBS314" failures="0" tests="1" name="Testscript.QALegenddeleteNote$QALegendNoteTest" time="22.636" errors="0" timestamp="2024-12-23T21:09:44 IST" skipped="0">
  <testcase classname="Testscript.QALegenddeleteNote$QALegendNoteTest" name="addNote" time="22.636"/>
</testsuite> <!-- Testscript.QALegenddeleteNote$QALegendNoteTest -->
