<?xml version="1.0" encoding="UTF-8"?>
<!-- Generated by org.testng.reporters.JUnitReportReporter -->
<testsuite hostname="LAPTOP-KBSBS314" failures="0" tests="1" name="Testscript.QAlegendSignoutTest" time="9.608" errors="0" timestamp="2024-12-28T18:56:48 IST" skipped="0">
  <testcase classname="Testscript.QAlegendSignoutTest" name="Signout" time="9.608"/>
</testsuite> <!-- Testscript.QAlegendSignoutTest -->
